PHP Warning:  Module "openssl" is already loaded in Unknown on line 0

Warning: Module "openssl" is already loaded in Unknown on line 0

Warning: Module "openssl" is already loaded in Unknown on line 0
PHP Warning:  Module "openssl" is already loaded in Unknown on line 0

   PASS  Tests\Unit\Application\Order\AssignVendorUseCaseTest
  ✓ it assigns vendor to order successfully                                                                      0.36s  
  ✓ it fails when order not found                                                                                0.05s  
  ✓ it fails when order belongs to different tenant                                                              0.05s  
  ✓ it fails when vendor not found                                                                               0.06s  
  ✓ it fails when order status does not allow vendor assignment                                                  0.06s  
  ✓ it fails when tenant id is empty                                                                             0.06s  
  ✓ it fails when order id is empty                                                                              0.05s  
  ✓ it fails when vendor id is empty                                                                             0.05s  

   PASS  Tests\Unit\Application\Order\CreatePurchaseOrderUseCaseTest
  ✓ it creates order successfully                                                                                0.08s  
  ✓ it fails when order number already exists                                                                    0.06s  
  ✓ it fails when tenant id is empty                                                                             0.05s  
  ✓ it fails when customer id is empty                                                                           0.06s  
  ✓ it fails when total amount is negative                                                                       0.05s  
  ✓ it fails when items array is empty                                                                           0.05s  
  ✓ it fails when item missing required fields                                                                   0.05s  
  ✓ it fails when item quantity is zero                                                                          0.05s  
  ✓ it fails when item unit price is negative                                                                    0.05s  
  ✓ it creates order with shipping and billing address                                                           0.06s  
  ✓ it creates order with default currency                                                                       0.05s  

   PASS  Tests\Unit\Application\Order\Handlers\CommandHandlersTest
  ✓ assign vendor handler delegates to use case                                                                  0.08s  
  ✓ negotiate with vendor handler delegates to use case                                                          0.06s  
  ✓ complete order handler delegates to use case                                                                 0.06s  

   PASS  Tests\Unit\Application\Order\Handlers\CreatePurchaseOrderHandlerTest
  ✓ it handles create purchase order command                                                                     0.06s  
  ✓ it returns order from use case                                                                               0.05s  

   PASS  Tests\Unit\Application\Order\Handlers\QueryHandlersTest
  ✓ get order query handler returns order by id                                                                  0.06s  
  ✓ get orders by status query handler returns paginated orders                                                  0.06s  
  ✓ get orders by status query handler handles pagination                                                        0.05s  
  ✓ get orders by customer query handler returns customer orders                                                 0.05s  
  ✓ get order analytics query handler returns analytics                                                          0.05s  
  ✓ get order history query handler returns recent orders                                                        0.07s  

   PASS  Tests\Unit\Application\Order\NegotiateWithVendorUseCaseTest
  ✓ it negotiates with vendor successfully                                                                       0.06s  
  ✓ it fails when order not found                                                                                0.06s  
  ✓ it fails when order status does not allow negotiation                                                        0.05s  
  ✓ it fails when quoted price is negative                                                                       0.05s  
  ✓ it fails when lead time is invalid                                                                           0.05s  
  ✓ it fails when vendor not found                                                                               0.05s  

   PASS  Tests\Unit\Application\Order\Services\ApplicationServicesTest
  ✓ order application service creates order with transaction                                                     0.08s  
  ✓ payment service verifies payment successfully                                                                0.07s  
  ✓ payment service validates payment amount                                                                     0.06s  
  ✓ payment service calculates down payment                                                                      0.05s  
  ✓ payment service generates invoice number                                                                     0.06s  
  ✓ vendor negotiation service starts negotiation                                                                0.06s  
  ✓ vendor negotiation service requests quote                                                                    0.05s  
  ✓ vendor negotiation service validates quote price                                                             0.05s  
  ✓ vendor negotiation service compares quotes                                                                   0.05s  
  ✓ vendor negotiation service sets deadline                                                                     0.06s  
  ✓ vendor negotiation service sets urgent deadline                                                              0.05s  
  ✓ vendor negotiation service concludes negotiation                                                             0.06s  

   PASS  Tests\Unit\Application\Order\Subscribers\EventSubscribersTest
  ✓ order workflow subscriber registered correctly                                                               0.26s  
  ✓ order workflow subscriber handles vendor assigned                                                            0.20s  
  ✓ order workflow subscriber handles quote requested                                                            0.17s  
  ✓ order workflow subscriber handles quote approved                                                             0.28s  
  ✓ order workflow subscriber handles order shipped                                                              0.22s  
  ✓ order workflow subscriber handles order completed                                                            0.18s  
  ✓ payment workflow subscriber registered correctly                                                             0.15s  
  ✓ payment workflow subscriber handles payment received                                                         0.17s  
  ✓ payment workflow subscriber handles refund processed                                                         0.17s  
  ✓ notification subscriber registered correctly                                                                 0.15s  
  ✓ notification subscriber handles order created                                                                0.15s  
  ✓ notification subscriber handles order status changed                                                         0.15s  
  ✓ notification subscriber handles payment received                                                             0.15s  
  ✓ notification subscriber handles order shipped                                                                0.15s  
  ✓ notification subscriber handles order delivered                                                              0.15s  
  ✓ notification subscriber handles order cancelled                                                              0.15s  
  ✓ subscribers maintain event mapping                                                                           0.15s  
  ✓ subscribers properly delegate to listeners                                                                   0.15s  
  ✓ multiple subscribers can handle same event                                                                   0.24s  
  ✓ event subscriber isolation                                                                                   0.23s  

   PASS  Tests\Unit\Application\Product\CreateProductCategoryUseCaseTest
  ✓ it creates root category successfully                                                                        0.10s  
  ✓ it creates child category successfully                                                                       0.05s  
  ✓ it throws exception when slug already exists                                                                 0.06s  
  ✓ it throws exception when parent not found                                                                    0.06s  
  ✓ it creates category with allowed materials                                                                   0.09s  
  ✓ it creates category with quality levels                                                                      0.06s  
  ✓ it creates category with customization options                                                               0.05s  
  ✓ it creates category with seo information                                                                     0.06s  
  ✓ it creates category with pricing configuration                                                               0.06s  
  ✓ it validates invalid material values                                                                         0.05s  
  ✓ it validates invalid quality values                                                                          0.05s  
  ✓ it validates markup percentage range                                                                         0.06s  
  ✓ it creates featured category                                                                                 0.07s  
  ✓ it creates hidden menu category                                                                              0.05s  
  ✓ it creates category with media information                                                                   0.05s  
  ✓ it creates category with custom sort order                                                                   0.06s  

   PASS  Tests\Unit\Application\Product\CreateProductVariantUseCaseTest
  ✓ it creates product variant successfully                                                                      0.08s  
  ✓ it creates variant with pricing information                                                                  0.06s  
  ✓ it creates variant with stock information                                                                    0.07s  
  ✓ it creates variant with dimensions                                                                           0.05s  
  ✓ it creates variant with custom sku                                                                           0.05s  
  ✓ it creates variant with etching specifications                                                               0.06s  
  ✓ it throws exception when category not found                                                                  0.05s  
  ✓ it throws exception when variant already exists                                                              0.06s  
  ✓ it throws exception when custom sku already exists                                                           0.06s  
  ✓ it validates invalid material                                                                                0.05s  
  ✓ it validates invalid quality                                                                                 0.07s  
  ✓ it validates negative dimensions                                                                             0.06s  
  ✓ it validates negative weight                                                                                 0.05s  
  ✓ it validates negative stock                                                                                  0.06s  
  ✓ it validates invalid pricing                                                                                 0.05s  
  ✓ it calculates price with material and quality multipliers                                                    0.06s  

   PASS  Tests\Unit\Domain\CustomerEntityTest
  ✓ it can be created with valid data                                                                            0.08s  
  ✓ it can be created as business customer                                                                       0.05s  
  ✓ business customer requires company name                                                                      0.05s  
  ✓ it can update name                                                                                           0.05s  
  ✓ it can update email                                                                                          0.05s  
  ✓ it can add and remove tags                                                                                   0.05s  
  ✓ it prevents duplicate tags                                                                                   0.06s  
  ✓ it can suspend and activate                                                                                  0.05s  
  ✓ it can update last order date                                                                                0.05s  
  ✓ it can calculate days since last order                                                                       0.06s  
  ✓ it returns null for days since last order when no orders                                                     0.05s  
  ✓ it generates correct display name for individual                                                             0.05s  
  ✓ it generates correct display name for business                                                               0.05s  
  ✓ it can update phone                                                                                          0.05s  
  ✓ it can update address                                                                                        0.06s  
  ✓ it can convert to array                                                                                      0.06s  
ℹ️  No duplicate categories found

   PASS  Tests\Unit\Domain\Customer\Services\CustomerSegmentationServiceTest
  ✓ calculate rfm score for champion customer                                                                    4.42s  
  ✓ calculate rfm score for new customer                                                                         0.19s  
  ✓ segment all customers returns collection                                                                     0.17s  
  ✓ get segment distribution returns valid data                                                                  0.21s  
  ✓ get lifetime value calculates correctly                                                                      0.18s  
  ✓ get churn risk identifies at risk customer                                                                   0.17s  
  ✓ get churn risk identifies low risk customer                                                                  0.22s  
  ✓ get high value customers filters correctly                                                                   0.42s  
  ✓ get at risk customers returns high churn risk                                                                0.19s  

   PASS  Tests\Unit\Domain\Order\Jobs\OrderSlaMonitorJobTest
  ✓ job handles order sla monitoring                                                                             0.20s  
  ✓ sla breach detection                                                                                         0.16s  
  ✓ multi level escalation slack channel                                                                         0.16s  
  ✓ multi level escalation email channel                                                                         0.16s  
  ✓ role based routing procurement lead                                                                          0.16s  
  ✓ threshold configuration sourcing vendor                                                                      0.17s  
  ✓ threshold configuration vendor negotiation                                                                   0.16s  
  ✓ notification dispatch on escalation                                                                          0.18s  
  ✓ job returns early if order not found                                                                         0.15s  
  ✓ job returns early if status mismatch                                                                         0.17s  
  ✓ escalation index null with threshold check                                                                   0.16s  
  ✓ multiple escalation levels triggered sequentially                                                            0.16s  
  ✓ sla metadata updated after job execution                                                                     0.17s  
  ✓ job handles in production state                                                                              0.16s  
  ✓ job handles quality check state                                                                              0.17s  
  ✓ sla not breached if within threshold                                                                         0.16s  
  ✓ tenant scoping respected in job                                                                              0.17s  

   PASS  Tests\Unit\Domain\Order\Listeners\EventListenersTest
  ✓ send vendor assignment email listener                                                                        0.17s  
  ✓ send quote request to vendor listener                                                                        0.17s  
  ✓ send quote approval to customer listener                                                                     0.25s  
  ✓ update inventory on order complete listener                                                                  0.16s  
  ✓ trigger invoice generation on payment received                                                               0.16s  
  ✓ trigger invoice generation on order completed                                                                0.16s  
  ✓ send shipping notification listener                                                                          0.15s  
  ✓ process order completion listener                                                                            0.17s  
  ✓ handle refund workflow listener                                                                              0.18s  
  ✓ listener handles missing customer gracefully                                                                 0.18s  
  ✓ listener handles missing vendor gracefully                                                                   0.15s  
  ✓ listener handles exceptions gracefully                                                                       0.15s  
  ✓ invoice number generation format                                                                             0.16s  
  ✓ refund updates order status                                                                                  0.16s  
  ✓ process order completion updates customer metrics                                                            0.23s  
  ✓ listeners maintain multi tenant isolation                                                                    0.33s  
  ✓ invoice generation idempotent                                                                                0.23s  

   PASS  Tests\Unit\Domain\Order\Notifications\NotificationPreferencesTest
  ✓ channel preference management whatsapp enabled                                                               0.18s  
  ✓ channel preference management sms enabled                                                                    0.15s  
  ✓ disabled channel filtering whatsapp                                                                          0.14s  
  ✓ disabled channel filtering sms                                                                               0.14s  
  ✓ disabled channel filtering multiple channels                                                                 0.25s  
  ✓ customer notification opt out complete disable                                                               0.14s  
  ✓ customer notification opt out via metadata                                                                   0.14s  
  ✓ phone number validation valid indonesian number                                                              0.14s  
  ✓ phone number validation international format                                                                 0.17s  
  ✓ phone number formatting local to international                                                               0.16s  
  ✓ phone number validation returns null for invalid                                                             0.17s  
  ✓ notification not sent when phone empty                                                                       0.16s  
  ✓ notification not sent when phone null                                                                        0.18s  
  ✓ whatsapp channel disabled by config                                                                          0.21s  
  ✓ sms channel disabled by config                                                                               0.14s  
  ✓ channel preference specific channels                                                                         0.14s  
  ✓ database notification channel always included                                                                0.27s  
  ✓ mail channel always included                                                                                 0.15s  
  ✓ multiple notification types respect preferences                                                              0.25s  
  ✓ metadata notification channels array                                                                         0.49s  
  ✓ fallback to default preferences when none set                                                                0.16s  
  ✓ preference priority metadata over preferences                                                                0.15s  
  ✓ sms payload contains phone number                                                                            0.15s  
  ✓ sms payload contains message body                                                                            0.15s  
  ✓ notification context includes order id                                                                       0.14s  
  ✓ notification context includes order number                                                                   0.14s  

   PASS  Tests\Unit\Domain\Order\Notifications\OrderNotificationChannelsTest
  ✓ via includes whatsapp and sms when enabled                                                                   0.10s  
  ✓ via excludes whatsapp when customer disables channel                                                         0.06s  
  ✓ whatsapp payload contains expected context                                                                   0.06s  

   PASS  Tests\Unit\Domain\Order\Services\OrderPaymentServiceTest
  ✓ record customer payment with valid amount                                                                    0.17s  
  ✓ record down payment detection                                                                                0.17s  
  ✓ record partial payment handling                                                                              0.17s  
  ✓ final payment detection when amount equals remaining                                                         0.17s  
  ✓ payment amount capped to remaining                                                                           0.18s  
  ✓ throw exception when order already paid                                                                      0.16s  
  ✓ throw exception with zero or negative amount                                                                 0.15s  
  ✓ payment method validation                                                                                    0.17s  
  ✓ duplicate payment prevention through reference                                                               0.17s  
  ✓ vendor disbursement recording                                                                                0.17s  
  ✓ multiple vendor disbursements                                                                                0.18s  
  ✓ throw exception when disbursing without vendor                                                               0.17s  
  ✓ throw exception with zero disbursement amount                                                                0.14s  
  ✓ payment metadata tracking                                                                                    0.16s  
  ✓ vendor disbursement metadata tracking                                                                        0.17s  
  ✓ payment with custom currency                                                                                 0.17s  
  ✓ payment with due date                                                                                        0.17s  
  ✓ down payment amount stored in order                                                                          0.16s  
  ✓ transaction tenant scoping                                                                                   0.22s  

   PASS  Tests\Unit\Domain\Order\Services\OrderStateMachineTest
  ✓ can transition from new to sourcing vendor                                                                   0.20s  
  ✓ cannot transition from new to completed                                                                      0.11s  
  ✓ cannot transition to same status                                                                             0.12s  
  ✓ get available transitions returns valid next states                                                          0.16s  
  ✓ validate transition requires vendor for negotiation                                                          0.14s  
  ✓ validate transition requires quotation amount                                                                0.15s  
  ✓ validate transition requires tracking number for shipped                                                     0.15s  
  ✓ validate transition requires cancellation reason                                                             0.15s  
  ✓ transition updates order status successfully                                                                 0.17s  
  ✓ transition throws exception for invalid transition                                                           0.15s  
  ✓ transition to payment received updates payment info                                                          0.18s  
  ✓ partial payment sets partially paid status                                                                   0.18s  
  ✓ additional payment during production completes balance                                                       0.19s  
  ✓ vendor disbursement is recorded during production transition                                                 0.20s  
  ✓ transition to shipped records tracking number                                                                0.16s  
  ✓ transition to cancelled stores reason in metadata                                                            0.16s  
  ✓ transition to vendor negotiation creates negotiation record                                                  0.19s  
  ✓ transition initializes sla timer for status with policy                                                      0.17s  
  ✓ transition records sla history and triggers escalation on breach                                             0.18s  
  ✓ initialize sla schedules monitor jobs                                                                        0.18s  
  ✓ sla escalation job updates metadata and dispatches event                                                     0.20s  
  ✓ sla threshold job marks breach and dispatches event                                                          0.19s  

   PASS  Tests\Unit\Domain\Order\Services\RefundCalculationEngineTest
  ✓ it calculates customer initiated pre production refund correctly                                             0.37s  
  ✓ it calculates customer initiated mid production refund correctly                                             0.19s  
  ✓ it calculates quality issue full refund with vendor liability                                                0.17s  
  ✓ it calculates partial quality issue refund correctly                                                         0.17s  
  ✓ it calculates vendor failure with full recovery                                                              0.36s  
  ✓ it calculates timeline delay compensation                                                                    0.17s  
  ✓ it calculates production error with company liability                                                        0.17s  
  ✓ it calculates production progress correctly                                                                  0.36s  
  ✓ it determines fault party correctly                                                                          0.36s  
  ✓ it applies insurance fund coverage for quality issues                                                        0.30s  
  ✓ it handles edge case zero amounts                                                                            0.24s  
  ✓ it validates calculation metadata                                                                            0.20s  
  ✓ it enforces business rule minimum refund zero                                                                0.19s  
  ✓ it calculates risk assessment based on amount and reason                                                     0.24s  

   PASS  Tests\Unit\Domain\Order\Services\VendorNegotiationServiceTest
  ✓ start negotiation creates new negotiation                                                                    0.17s  
  ✓ negotiation workflow open to countered                                                                       0.17s  
  ✓ round tracking in negotiation                                                                                0.19s  
  ✓ counter offer recording with history                                                                         0.20s  
  ✓ expiration enforcement                                                                                       0.18s  
  ✓ negotiation approved conclusion                                                                              0.18s  
  ✓ negotiation rejected conclusion                                                                              0.18s  
  ✓ negotiation expired conclusion                                                                               0.18s  
  ✓ negotiation cancelled conclusion                                                                             0.18s  
  ✓ throw exception for invalid conclusion status                                                                0.17s  
  ✓ throw exception when starting without vendor                                                                 0.17s  
  ✓ existing open negotiation returns without creating new                                                       0.18s  
  ✓ negotiation history audit trail                                                                              0.17s  
  ✓ negotiation terms tracking                                                                                   0.17s  
  ✓ order metadata updated during negotiation                                                                    0.17s  
  ✓ metadata updated after counter offer                                                                         0.17s  
  ✓ negotiation currency tracking                                                                                0.17s  
  ✓ multiple vendor negotiations on same order                                                                   0.20s  
  ✓ negotiation tenant scoping                                                                                   0.17s  
  ✓ history entry timestamp format                                                                               0.18s  
  ✓ negotiation conclusion with final amount                                                                     0.18s  

   PASS  Tests\Unit\Domain\Order\StateTransition\EdgeCaseTest
  ✓ invalid state transition from new to completed                                                               0.17s  
  ✓ invalid state transition from completed backward                                                             0.18s  
  ✓ invalid state transition to self                                                                             0.19s  
  ✓ concurrent transition attempts                                                                               0.30s  
  ✓ transition with missing required field                                                                       0.17s  
  ✓ transition with empty metadata                                                                               0.19s  
  ✓ transition with corrupted metadata                                                                           0.17s  
  ✓ rapid sequential transitions                                                                                 0.16s  
  ✓ transition with null vendor                                                                                  0.15s  
  ✓ transition with extreme currency values                                                                      0.17s  
  ✓ transition with zero amount                                                                                  0.15s  
  ✓ transition with negative amount                                                                              0.16s  
  ✓ rollback on transition failure                                                                               0.18s  
  ✓ validation error handling missing tracking number                                                            0.26s  
  ✓ validation error handling missing cancellation reason                                                        0.17s  
  ✓ order with special characters in metadata                                                                    0.19s  
  ✓ transition with unicode characters                                                                           0.36s  
  ✓ transition maintains timestamps                                                                              0.17s  
  ✓ transition with very old order                                                                               0.17s  
  ✓ transition with future timestamps                                                                            0.16s  
  ✓ cannot transition with invalid enum value                                                                    0.15s  
  ✓ get available transitions for all states                                                                     0.17s  
  ✓ state machine handles concurrent orders                                                                      0.19s  
  ✓ transition isolation between tenants                                                                         0.21s  
  ✓ transition with minimal metadata payload                                                                     0.18s  
  ✓ transition with deeply nested metadata                                                                       0.17s  
  ✓ validation with multiple errors                                                                              0.15s  

   PASS  Tests\Unit\Domain\Order\ValueObjects\OrderStatusTransitionTest
  ✓ can transition validates allowed transitions                                                                 0.03s  
  ✓ get required fields returns correct fields
  ✓ validate transition data identifies missing fields
  ✓ validate transition data passes with complete data
  ✓ validate payment type
  ✓ validate payment amount
  ✓ validate full payment
  ✓ validate pricing

   PASS  Tests\Unit\Domain\Product\Enums\ProductMaterialTest
  ✓ it has all expected material values                                                                          0.06s  
  ✓ it returns correct string values                                                                             0.05s  
  ✓ it returns correct display names                                                                             0.06s  
  ✓ it returns correct descriptions                                                                              0.07s  
  ✓ it returns correct pricing multipliers                                                                       0.06s  
  ✓ it identifies metal materials correctly                                                                      0.06s  
  ✓ it identifies plastic materials correctly                                                                    0.05s  
  ✓ it returns correct density values                                                                            0.05s  
  ✓ it returns correct melting points                                                                            0.06s  
  ✓ it returns correct hardness levels                                                                           0.05s  
  ✓ it returns correct corrosion resistance                                                                      0.06s  
  ✓ it returns correct workability levels                                                                        0.06s  
  ✓ it returns correct etching suitability                                                                       0.11s  
  ✓ it returns available thickness options                                                                       0.14s  
  ✓ it returns available finishes                                                                                0.08s  
  ✓ it calculates weight correctly                                                                               0.06s  
  ✓ it can be created from string                                                                                0.06s  
  ✓ it throws exception for invalid string                                                                       0.05s  
  ✓ it returns all materials as options                                                                          0.05s  
  ✓ it returns metal materials only                                                                              0.08s  
  ✓ it returns plastic materials only                                                                            0.07s  
  ✓ it returns materials suitable for etching                                                                    0.05s  
  ✓ it can compare materials by price                                                                            0.05s  
  ✓ it can get compatible finishes for material                                                                  0.06s  
  ✓ it validates thickness availability                                                                          0.06s  
  ✓ it validates finish availability                                                                             0.06s  

   PASS  Tests\Unit\Domain\Product\Enums\ProductQualityTest
  ✓ it has all expected quality values                                                                           0.09s  
  ✓ it returns correct string values                                                                             0.05s  
  ✓ it returns correct display names                                                                             0.06s  
  ✓ it returns correct descriptions                                                                              0.05s  
  ✓ it returns correct pricing multipliers                                                                       0.06s  
  ✓ it returns correct precision levels                                                                          0.05s  
  ✓ it returns correct surface finish quality                                                                    0.06s  
  ✓ it returns correct inspection levels                                                                         0.06s  
  ✓ it returns correct lead times                                                                                0.07s  
  ✓ it returns correct minimum order quantities                                                                  0.05s  
  ✓ it returns available finishes per quality                                                                    0.05s  
  ✓ it returns correct quality certifications                                                                    0.05s  
  ✓ it checks if requires special tooling                                                                        0.06s  
  ✓ it checks if requires quality approval                                                                       0.05s  
  ✓ it checks if includes documentation                                                                          0.05s  
  ✓ it returns correct etching depth precision                                                                   0.06s  
  ✓ it returns correct edge quality levels                                                                       0.07s  
  ✓ it calculates price with multiplier                                                                          0.05s  
  ✓ it can be created from string                                                                                0.06s  
  ✓ it throws exception for invalid string                                                                       0.05s  
  ✓ it returns all qualities as options                                                                          0.05s  
  ✓ it can compare quality levels                                                                                0.05s  
  ✓ it can check if is lower quality                                                                             0.05s  
  ✓ it returns quality level numeric value                                                                       0.05s  
  ✓ it can sort qualities by level                                                                               0.06s  
  ✓ it returns qualities above level                                                                             0.06s  
  ✓ it returns qualities below level                                                                             0.05s  
  ✓ it calculates quality upgrade cost                                                                           0.06s  
  ✓ it returns compatible materials per quality                                                                  0.05s  
  ✓ it checks if quality is suitable for application                                                             0.05s  
  ✓ it returns recommended applications                                                                          0.05s  

   PASS  Tests\Unit\Domain\Product\ProductCategoryEntityTest
  ✓ it can be created with valid data                                                                            0.09s  
  ✓ it can be created as child category                                                                          0.06s  
  ✓ it can update basic information                                                                              0.05s  
  ✓ it can be activated and deactivated                                                                          0.05s  
  ✓ it can be featured and unfeatured                                                                            0.05s  
  ✓ it can toggle menu visibility                                                                                0.05s  
  ✓ it can set allowed materials                                                                                 0.05s  
  ✓ it can set quality levels                                                                                    0.05s  
  ✓ it can set customization options                                                                             0.06s  
  ✓ it can update sort order                                                                                     0.05s  
  ✓ it can set media information                                                                                 0.05s  
  ✓ it can set seo information                                                                                   0.06s  
  ✓ it can set pricing configuration                                                                             0.05s  
  ✓ it validates markup percentage range                                                                         0.05s  
  ✓ it can check if has etching materials                                                                        0.06s  
  ✓ it can get hierarchy path                                                                                    0.05s  
  ✓ it can convert to array                                                                                      0.06s  
  ✓ it generates correct breadcrumb                                                                              0.06s  
  ✓ it validates parent relationship prevents circular reference                                                 0.05s  

   PASS  Tests\Unit\Domain\Product\ProductVariantEntityTest
  ✓ it can be created with valid data                                                                            0.08s  
  ✓ it generates sku automatically                                                                               0.06s  
  ✓ it can update pricing information                                                                            0.06s  
  ✓ it calculates profit margin correctly                                                                        0.06s  
  ✓ it handles zero base price for profit margin                                                                 0.06s  
  ✓ it can update stock quantity                                                                                 0.05s  
  ✓ it can increase stock                                                                                        0.05s  
  ✓ it can decrease stock                                                                                        0.05s  
  ✓ it prevents negative stock decrease                                                                          0.05s  
  ✓ it can set low stock threshold                                                                               0.06s  
  ✓ it can check stock status                                                                                    0.05s  
  ✓ it can set dimensions                                                                                        0.05s  
  ✓ it validates positive dimensions                                                                             0.06s  
  ✓ it can set weight                                                                                            0.05s  
  ✓ it validates positive weight                                                                                 0.05s  
  ✓ it can be activated and deactivated                                                                          0.05s  
  ✓ it can set custom sku                                                                                        0.05s  
  ✓ it validates unique sku format                                                                               0.05s  
  ✓ it can set etching specifications                                                                            0.05s  
  ✓ it can check material properties                                                                             0.05s  
  ✓ it can check quality level                                                                                   0.07s  
  ✓ it applies material and quality pricing multipliers                                                          0.05s  
  ✓ it can convert to array                                                                                      0.05s  
  ✓ it generates variant display name                                                                            0.05s  

   PASS  Tests\Unit\Domain\Product\ValueObjects\ProductCategoryNameTest
  ✓ it can be created with valid name                                                                            0.08s  
  ✓ it trims whitespace from name                                                                                0.10s  
  ✓ it validates minimum length                                                                                  0.12s  
  ✓ it validates maximum length                                                                                  0.10s  
  ✓ it rejects empty name                                                                                        0.06s  
  ✓ it rejects only whitespace name                                                                              0.06s  
  ✓ it allows valid special characters                                                                           0.05s  
  ✓ it rejects invalid special characters                                                                        0.05s  
  ✓ it allows unicode characters                                                                                 0.06s  
  ✓ it handles mixed case properly                                                                               0.10s  
  ✓ it can check equality                                                                                        0.06s  
  ✓ it is case sensitive for equality                                                                            0.06s  
  ✓ it can generate slug suggestion                                                                              0.06s  
  ✓ it handles unicode in slug generation                                                                        0.06s  
  ✓ it can check if contains etching keywords                                                                    0.05s  
  ✓ it can get character count                                                                                   0.05s  
  ✓ it can get word count                                                                                        0.05s  
  ✓ it can convert to title case                                                                                 0.06s  
  ✓ it can truncate with ellipsis                                                                                0.07s  
  ✓ it does not truncate short names                                                                             0.08s  
  ✓ it can check if contains word                                                                                0.06s  

   PASS  Tests\Unit\Domain\Product\ValueObjects\ProductCategorySlugTest
  ✓ it can be created with valid slug                                                                            0.09s  
  ✓ it validates minimum length                                                                                  0.08s  
  ✓ it validates maximum length                                                                                  0.06s  
  ✓ it rejects empty slug                                                                                        0.06s  
  ✓ it rejects slug with spaces                                                                                  0.07s  
  ✓ it rejects slug with uppercase letters                                                                       0.07s  
  ✓ it rejects slug with special characters                                                                      0.09s  
  ✓ it allows valid slug formats                                                                                 0.07s  
  ✓ it rejects slug starting with hyphen                                                                         0.06s  
  ✓ it rejects slug ending with hyphen                                                                           0.13s  
  ✓ it rejects slug with consecutive hyphens                                                                     0.06s  
  ✓ it can check equality                                                                                        0.05s  
  ✓ it can generate from name                                                                                    0.05s  
  ✓ it handles unicode characters in generation                                                                  0.06s  
  ✓ it removes stopwords when generating from name                                                               0.06s  
  ✓ it can get parent slug from path                                                                             0.05s  
  ✓ it can check if etching related                                                                              0.06s  
  ✓ it can check if material related                                                                             0.05s  
  ✓ it can get slug depth                                                                                        0.05s  
  ✓ it can append suffix                                                                                         0.06s  
  ✓ it validates suffix format                                                                                   0.06s  
  ✓ it can prepend prefix                                                                                        0.06s  
  ✓ it validates prefix format                                                                                   0.05s  
  ✓ it can check if contains word                                                                                0.05s  
  ✓ it generates unique variation                                                                                0.05s  
  ✓ it returns original if no conflicts                                                                          0.05s  

   PASS  Tests\Unit\Domain\TenantEntityTest
  ✓ it can be created with valid data                                                                            0.08s  
  ✓ it can be activated                                                                                          0.05s  
  ✓ it can be suspended                                                                                          0.06s  
  ✓ it can start trial                                                                                           0.05s  
  ✓ it can end trial                                                                                             0.05s  
  ✓ it can update subscription                                                                                   0.05s  
  ✓ it can expire subscription                                                                                   0.05s  
  ✓ it can set custom domain                                                                                     0.05s  
  ✓ it can remove custom domain                                                                                  0.05s  
  ✓ it generates correct public url with custom domain                                                           0.07s  
  ✓ it generates correct public url with slug                                                                    0.07s  
  ✓ it generates correct admin url                                                                               0.05s  
  ✓ it can check if subscription is active                                                                       0.05s  
  ✓ it validates trial status correctly                                                                          0.06s  
  ✓ it can convert to array                                                                                      0.06s  

   PASS  Tests\Unit\Domain\Vendor\Services\VendorClassificationServiceTest
  ✓ classifies vendor as small with low orders                                                                   0.02s  
  ✓ classifies vendor as medium with moderate orders
  ✓ classifies vendor as large with high orders
  ✓ classifies vendor as small when total orders is null
  ✓ uses custom thresholds
  ✓ boundary case medium threshold
  ✓ boundary case large threshold
  ✓ just below medium threshold
  ✓ just below large threshold
  ✓ get default thresholds
  ✓ set and get custom thresholds
  ✓ classify multiple vendors
  ✓ get classification stats
  ✓ classification stats with empty vendors
  ✓ edge case zero orders
  ✓ edge case negative orders treated as small
  ✓ edge case very large order count
  ✓ custom threshold overrides only specified values
  ✓ set thresholds persists across multiple calls
  ✓ classify multiple vendors includes threshold info
  ✓ classification stats calculates correct percentages with uneven distribution
  ✓ multiple vendors with same order count

   PASS  Tests\Unit\Domain\Vendor\Services\VendorPerformanceTest
  ✓ vendor sla compliance tracking                                                                               0.19s  
  ✓ quality score calculation                                                                                    0.22s  
  ✓ on time delivery metrics                                                                                     0.21s  
  ✓ rating updates                                                                                               0.21s  
  ✓ performance ranking                                                                                          0.32s  
  ✓ top performing vendors                                                                                       1.51s  
  ✓ underperforming vendors identification                                                                       0.28s  
  ✓ vendor trend analysis                                                                                        0.24s  
  ✓ vendor comparison                                                                                            0.32s  
  ✓ sla metrics calculation                                                                                      0.18s  
  ✓ sla compliance rate                                                                                          0.19s  
  ✓ sla status determination                                                                                     0.19s  
  ✓ sla violations identification                                                                                0.17s  
  ✓ vendor evaluation includes all metrics                                                                       0.31s  
  ✓ vendor evaluation score range                                                                                0.22s  
  ✓ performance recommendations generation                                                                       0.20s  
  ✓ vendor reliability score calculation                                                                         0.19s  
  ✓ price competitiveness scoring                                                                                0.21s  
  ✓ response time scoring                                                                                        0.21s  
  ✓ empty vendor evaluation                                                                                      0.15s  
  ✓ trend summary calculation                                                                                    0.21s  
  ✓ tenant scoping in evaluation                                                                                 0.25s  

   PASS  Tests\Unit\ExampleTest
  ✓ that true is true                                                                                            0.03s  

   PASS  Tests\Unit\Http\Controllers\Platform\AuthControllerTest
  ✓ it can authenticate platform account with valid credentials                                                  0.20s  
  ✓ it rejects invalid credentials                                                                               0.13s  
  ✓ it rejects non existent account                                                                              0.12s  
  ✓ it rejects inactive account                                                                                  0.13s  
  ✓ it validates required fields                                                                                 0.13s  
  ✓ it validates email format                                                                                    0.12s  
  ✓ it enforces rate limiting                                                                                    0.16s  
  ✓ it can logout successfully                                                                                   0.32s  
  ✓ it can get authenticated user info                                                                           0.25s  
  ✓ it requires authentication for protected endpoints                                                           0.16s  
  ✓ it rejects invalid tokens                                                                                    0.14s  
  ✓ it handles suspended account login                                                                           0.17s  
  ✓ it updates last login timestamp on successful authentication                                                 0.22s  
  ✓ it includes proper expiration time                                                                           0.19s  
  ✓ it includes bearer token type                                                                                0.20s  

   PASS  Tests\Unit\Http\Controllers\Tenant\AuthControllerTest
  ✓ it can authenticate tenant user with valid credentials                                                       0.29s  
  ✓ it rejects invalid credentials                                                                               0.15s  
  ✓ it rejects non existent user                                                                                 0.16s  
  ✓ it rejects user from wrong tenant                                                                            0.14s  
  ✓ it rejects inactive tenant                                                                                   0.34s  
  ✓ it rejects expired subscription                                                                              0.35s  
  ✓ it rejects inactive user                                                                                     0.18s  
  ✓ it validates required fields                                                                                 0.14s  
  ✓ it validates tenant context required                                                                         0.28s  
  ✓ it validates email format                                                                                    0.15s  
  ✓ it enforces rate limiting per tenant                                                                         0.18s  
  ✓ it can logout successfully                                                                                   0.17s  
  ✓ it can get authenticated user info                                                                           0.18s  
  ✓ it includes user permissions in response                                                                     0.16s  
  ✓ it handles suspended user login                                                                              0.14s  
  ✓ it prevents login to trial expired tenant                                                                    0.15s  
  ✓ it allows login to active trial tenant                                                                       0.16s  
  ✓ it includes tenant context in response                                                                       0.16s  

   PASS  Tests\Unit\Http\Middleware\PlatformAccessMiddlewareTest
  ✓ it allows authenticated platform account                                                                     0.15s  
  ✓ it rejects unauthenticated requests                                                                          0.13s  
  ✓ it rejects tenant user accessing platform routes                                                             0.14s  
  ✓ it rejects inactive platform account                                                                         0.13s  
  ✓ it rejects suspended platform account                                                                        0.13s  
  ✓ it allows different platform account types                                                                   0.12s  
  ✓ it handles invalid token gracefully                                                                          0.12s  
  ✓ it sets correct guard context                                                                                0.12s  
  ✓ it logs security events                                                                                      0.12s  

   PASS  Tests\Unit\Http\Middleware\TenantContextMiddlewareTest
  ✓ it identifies tenant from subdomain                                                                          0.16s  
  ✓ it identifies tenant from custom domain                                                                      0.13s  
  ✓ it identifies tenant from path parameter                                                                     0.13s  
  ✓ it rejects request for nonexistent tenant                                                                    0.13s  
  ✓ it rejects request for inactive tenant                                                                       0.13s  
  ✓ it rejects request for expired subscription                                                                  0.14s  
  ✓ it allows trial tenant within trial period                                                                   0.14s  
  ✓ it rejects expired trial tenant                                                                              0.14s  
  ✓ it enforces tenant scoped authentication                                                                     0.15s  
  ✓ it rejects user from different tenant                                                                        0.14s  
  ✓ it sets tenant context in application                                                                        0.13s  
  ✓ it handles suspended tenant                                                                                  0.14s  
  ✓ it prioritizes custom domain over subdomain                                                                  0.14s  
  ✓ it handles www prefix in custom domain                                                                       0.14s  

   PASS  Tests\Unit\Infrastructure\Product\Models\ProductCategoryModelTest
  ✓ it has correct fillable attributes                                                                           0.15s  
  ✓ it casts attributes correctly                                                                                0.12s  
  ✓ it can create product category with basic attributes                                                         0.14s  
  ✓ it auto generates uuid on creation                                                                           0.13s  
  ✓ it updates hierarchy when parent changes                                                                     0.13s  
  ✓ it has tenant relationship                                                                                   0.12s  
  ✓ it has parent relationship                                                                                   0.12s  
  ✓ it has children relationship                                                                                 0.12s  
  ✓ it has descendants relationship                                                                              0.16s  
  ✓ it has products relationship                                                                                 0.22s  
  ✓ it scopes active categories                                                                                  0.15s  
  ✓ it scopes featured categories                                                                                0.14s  
  ✓ it scopes root categories                                                                                    0.32s  
  ✓ it scopes categories by level                                                                                0.17s  
  ✓ it scopes categories shown in menu                                                                           0.26s  
  ✓ it scopes ordered categories                                                                                 0.26s  
  ✓ it checks if category has children                                                                           0.19s  
  ✓ it checks if category has products                                                                           0.25s  
  ✓ it generates full path                                                                                       0.13s  
  ✓ it generates breadcrumb                                                                                      0.13s  
  ✓ it stores allowed materials as array                                                                         0.12s  
  ✓ it stores quality levels as array                                                                            0.12s  
  ✓ it stores customization options as array                                                                     0.12s  
  ✓ it stores seo keywords as array                                                                              0.14s  
  ✓ it casts base markup percentage as decimal                                                                   0.12s  
  ✓ it uses soft deletes                                                                                         0.13s  

   PASS  Tests\Unit\Infrastructure\Product\Models\ProductVariantModelTest
  ✓ it has correct fillable attributes                                                                           0.14s  
  ✓ it casts attributes correctly                                                                                0.11s  
  ✓ it can create product variant with basic attributes                                                          0.17s  
  ✓ it auto generates uuid on creation                                                                           0.17s  
  ✓ it has tenant relationship                                                                                   0.12s  
  ✓ it has category relationship                                                                                 0.12s  
  ✓ it scopes active variants                                                                                    0.17s  
  ✓ it scopes variants by material                                                                               0.18s  
  ✓ it scopes variants by quality                                                                                0.27s  
  ✓ it scopes variants in stock                                                                                  0.20s  
  ✓ it scopes variants out of stock                                                                              0.17s  
  ✓ it scopes variants low stock                                                                                 0.18s  
  ✓ it scopes variants by price range                                                                            0.18s  
  ✓ it checks if variant has stock                                                                               0.17s  
  ✓ it checks if variant is low stock                                                                            0.17s  
  ✓ it calculates profit margin                                                                                  0.17s  
  ✓ it handles zero base price in margin calculation                                                             0.18s  
  ✓ it calculates dimensions                                                                                     0.17s  
  ✓ it generates display name                                                                                    0.16s  
  ✓ it stores etching specifications as array                                                                    0.18s  
  ✓ it casts prices as decimal                                                                                   0.17s  
  ✓ it casts dimensions as decimal                                                                               0.18s  
  ✓ it uses soft deletes                                                                                         0.17s  
  ✓ it maintains category relationship                                                                           0.17s  

   PASS  Tests\Unit\Infrastructure\Product\ProductCategoryEloquentRepositoryTest
  ✓ it can save product category                                                                                 0.16s  
  ✓ it can find category by id                                                                                   0.14s  
  ✓ it returns null when category not found by id                                                                0.11s  
  ✓ it can find category by slug                                                                                 0.14s  
  ✓ it returns null when category not found by slug                                                              0.11s  
  ✓ it can find root categories                                                                                  0.16s  
  ✓ it can find children categories                                                                              0.17s  
  ✓ it can find active categories                                                                                0.14s  
  ✓ it can find featured categories                                                                              0.16s  
  ✓ it can find categories by material                                                                           0.15s  
  ✓ it can find categories by level                                                                              0.16s  
  ✓ it can search categories by name                                                                             0.15s  
  ✓ it can count categories by tenant                                                                            0.14s  
  ✓ it can check if slug exists                                                                                  0.14s  
  ✓ it can get category hierarchy                                                                                0.16s  
  ✓ it can delete category                                                                                       0.15s  
  ✓ it returns false when deleting non existent category                                                         0.11s  
  ✓ it can update category                                                                                       0.14s  
  ✓ it maintains tenant isolation                                                                                0.15s  
  ✓ it can find categories with pagination                                                                       0.24s  
  ✓ it can find categories with sorting                                                                          0.15s  

   PASS  Tests\Unit\Infrastructure\Product\ProductVariantEloquentRepositoryTest
  ✓ it can save product variant                                                                                  0.22s  
  ✓ it can find variant by id                                                                                    0.20s  
  ✓ it returns null when variant not found by id                                                                 0.13s  
  ✓ it can find variant by sku                                                                                   0.31s  
  ✓ it returns null when variant not found by sku                                                                0.12s  
  ✓ it can find variant by category material quality                                                             0.26s  
  ✓ it can find variants by category                                                                             0.21s  
  ✓ it can find variants by material                                                                             0.24s  
  ✓ it can find variants by quality                                                                              0.23s  
  ✓ it can find active variants                                                                                  0.20s  
  ✓ it can find variants in stock                                                                                0.20s  
  ✓ it can find low stock variants                                                                               0.20s  
  ✓ it can find variants by price range                                                                          0.21s  
  ✓ it can update stock quantity                                                                                 0.20s  
  ✓ it can increase stock                                                                                        0.18s  
  ✓ it can decrease stock                                                                                        0.19s  
  ✓ it can update pricing                                                                                        0.19s  
  ✓ it can count variants by tenant                                                                              0.20s  
  ✓ it can count variants by category                                                                            0.21s  
  ✓ it can check if sku exists                                                                                   0.30s  
  ✓ it can delete variant                                                                                        0.20s  
  ✓ it returns false when deleting non existent variant                                                          0.12s  
  ✓ it maintains tenant isolation                                                                                0.21s  
  ✓ it can find variants with pagination                                                                         0.48s  
  ✓ it can find variants with sorting                                                                            0.24s  
  ✓ it can search variants                                                                                       0.21s  
  ✓ it can get stock summary                                                                                     0.22s  

   PASS  Tests\Unit\Infrastructure\TenantAware\TenantAwareTraitTest
  ✓ customer model implements tenant aware interface                                                             0.17s  
  ✓ it returns correct tenant id                                                                                 0.13s  
  ✓ it has tenant relationship                                                                                   0.13s  
  ✓ it scopes to current tenant                                                                                  0.14s  
  ✓ it scopes to specific tenant                                                                                 0.14s  
  ✓ it checks belongs to current tenant                                                                          0.14s  
  ✓ it checks belongs to specific tenant                                                                         0.14s  
  ✓ it auto assigns tenant id on creation                                                                        0.14s  
  ✓ global scope filters by tenant automatically                                                                 0.14s  
  ✓ can query across tenants with scope removal                                                                  0.14s  
  ✓ uuid field is auto generated                                                                                 0.13s  

   PASS  Tests\Unit\Services\Auth\JwtServiceTest
  ✓ it can generate jwt token for platform account                                                               0.16s  
  ✓ it can generate jwt token for tenant user                                                                    0.16s  
  ✓ it fails authentication with invalid platform credentials                                                    0.15s  
  ✓ it fails authentication with invalid tenant credentials                                                      0.15s  
  ✓ it fails authentication for inactive platform account                                                        0.14s  
  ✓ it fails authentication for inactive tenant                                                                  0.14s  
  ✓ it fails authentication for expired tenant subscription                                                      0.14s  
  ✓ it prevents cross tenant authentication                                                                      0.14s  
  ✓ it includes proper user permissions in token                                                                 0.16s  
  ✓ platform and tenant tokens have different structures                                                         0.17s  
  ✓ it handles case insensitive email lookup                                                                     0.15s  
  ✓ it validates nonexistent email                                                                               0.15s  
  ✓ it validates nonexistent tenant                                                                              0.14s  
  ✓ it includes proper token expiration times                                                                    0.17s  
  ✓ it includes account type in response                                                                         0.17s  
  ✓ it includes bearer token type                                                                                0.16s  

   PASS  Tests\Feature\Api\Public\ProductDataCompletenessTest
  ✓ product resource returns uuid not integer id                                                                 0.21s  
  ✓ product list returns uuid as id field                                                                        0.18s  
  ✓ type filter returns products with matching business type                                                     0.23s  
  ✓ size filter returns products with matching size                                                              0.22s  
  ✓ category filter returns correct products                                                                     0.41s  
  ✓ product resource includes all required fields                                                                0.25s  
  ✓ material filter returns products with matching material                                                      0.20s  
  ✓ multiple filters work together                                                                               0.19s  
  ✓ search works with product name and description                                                               0.21s  

   PASS  Tests\Feature\Api\Public\PublicProductsReviewAggregationTest
  ✓ it includes review summary in product list                                                                   0.27s  
  ✓ it returns zero rating for products without reviews                                                          0.18s  
  ✓ it only counts approved reviews                                                                              0.23s  
  ✓ it filters by minimum rating using aggregated data                                                           0.24s  
  ✓ it includes review summary in featured products                                                              0.33s  
  ✓ it includes review summary in search results                                                                 0.21s  

   PASS  Tests\Feature\Api\Public\PublicProductsTest
  ✓ it returns paginated products                                                                                0.30s  
  ✓ it filters products by search                                                                                0.18s  
  ✓ it filters products by type                                                                                  0.17s  
  ✓ it sorts products by name                                                                                    0.17s  
  ✓ it sorts products by price                                                                                   0.19s  
  ✓ it only returns published products                                                                           0.19s  
  ✓ it filters by minimum rating                                                                                 0.64s  
  ✓ it filters by stock availability                                                                             0.17s  
  ✓ it filters by price range                                                                                    0.19s  
  ✓ it exposes uuid not integer id                                                                               0.32s  
  ✓ it filters by featured status                                                                                0.28s  
  ✓ it returns empty array when no products found                                                                0.16s  
  ✓ it validates pagination parameters                                                                           0.13s  
  ✓ it validates rating parameter                                                                                0.12s  

   PASS  Tests\Feature\Api\RefundManagementApiTest
  ✓ create refund request success                                                                                0.25s  
  ✓ create quality issue refund                                                                                  0.41s  
  ✓ create refund request validation errors                                                                      0.21s  
  ✓ create refund unauthorized                                                                                   0.17s  
  ✓ list refund requests                                                                                         0.35s  
  ✓ list refunds with filters                                                                                    0.26s  
  ✓ search refunds                                                                                               0.22s  
  ✓ get refund request details                                                                                   0.20s  
  ✓ get nonexistent refund request                                                                               0.27s  
  ✓ update refund request                                                                                        0.20s  
  ✓ cannot update approved refund                                                                                0.24s  
  ✓ submit approval decision                                                                                     0.31s  
  ✓ reject refund request                                                                                        0.22s  
  ✓ unauthorized approval                                                                                        0.22s  
  ✓ get approval history                                                                                         0.25s  
  ✓ get refund statistics                                                                                        0.27s  
  ✓ invalid order id                                                                                             0.19s  
  ✓ order not eligible for refund                                                                                0.20s  
  ✓ duplicate refund request                                                                                     0.27s  
  ✓ refunds pagination                                                                                           0.75s  
  ✓ refunds sorting                                                                                              0.24s  

   PASS  Tests\Feature\Auth\EmailVerificationTest
  ✓ can send verification email for tenant user                                                                  0.17s  
  ✓ can send verification email for platform user                                                                0.15s  
  ✓ can verify email with valid token                                                                            0.15s  
  ✓ cannot verify email with invalid token                                                                       0.13s  
  ✓ cannot verify email with expired token                                                                       0.14s  
  ✓ cannot verify already verified token                                                                         0.13s  
  ✓ can resend verification email                                                                                0.14s  
  ✓ cannot resend verification if already verified                                                               0.14s  
  ✓ rate limiting prevents frequent resend requests                                                              0.16s  
  ✓ can check email verification status                                                                          0.14s  
  ✓ cleanup expired tokens                                                                                       0.14s  
  ✓ send tenant verification api endpoint                                                                        0.15s  
  ✓ send platform verification api endpoint                                                                      0.15s  
  ✓ verify email api endpoint                                                                                    0.15s  
  ✓ check verification status api endpoint                                                                       0.15s  
  ✓ api validation errors                                                                                        0.16s  

   PASS  Tests\Feature\Auth\PasswordResetTest
  ✓ tenant user can request password reset                                                                       0.33s  
  ✓ platform user can request password reset                                                                     0.25s  
  ✓ tenant user can reset password with valid token                                                              0.20s  
  ✓ platform user can reset password with valid token                                                            0.17s  
  ✓ reset fails with invalid token                                                                               0.15s  
  ✓ reset fails with mismatched passwords                                                                        0.15s  
  ✓ rate limiting prevents spam requests                                                                         0.17s  
  ✓ token validation works correctly                                                                             0.16s  
  ✓ expired tokens are rejected                                                                                  0.15s  
  ✓ nonexistent email returns same response for security                                                         0.25s  

   PASS  Tests\Feature\Auth\SimpleEmailVerificationTest
  ✓ simple mail sending                                                                                          0.14s  
  ✓ service sends email                                                                                          0.15s  

   PASS  Tests\Feature\Auth\UserRegistrationTest
  ✓ can register tenant user                                                                                     0.15s  
  ✓ can register platform account                                                                                0.15s  
  ✓ can register tenant with admin                                                                               0.16s  
  ✓ cannot register duplicate tenant user email                                                                  0.15s  
  ✓ cannot register duplicate platform account email                                                             0.13s  
  ✓ can check email availability                                                                                 0.14s  
  ✓ tenant user limit enforcement                                                                                0.16s  
  ✓ get registration stats                                                                                       0.14s  
  ✓ validation rules                                                                                             0.12s  
  ✓ tenant user registration api                                                                                 0.15s  
  ✓ platform account registration api                                                                            0.16s  
  ✓ tenant with admin registration api                                                                           0.17s  
  ✓ check email availability api                                                                                 0.14s  
  ✓ get registration stats api                                                                                   0.26s  
  ✓ api validation errors                                                                                        0.13s  

   FAIL  Tests\Feature\Authentication\DataIsolationInfrastructureTest
  ✓ tenant can only access own customers                                                                         0.24s  
  ✓ tenant cannot access other tenant customers                                                                  0.22s  
  ✓ tenant can only access own products                                                                          0.24s  
  ✓ tenant cannot access other tenant products                                                                   0.24s  
  ✓ tenant can only access own orders                                                                            0.25s  
  ✓ tenant cannot access other tenant orders                                                                     0.35s  
  ✓ tenant can only access own vendors                                                                           0.26s  
  ✓ tenant cannot access other tenant vendors                                                                    0.28s  
  ✓ platform account cannot access tenant specific data                                                          0.22s  
  ✓ platform account can access platform specific data                                                           0.20s  
  ✓ tenant cannot create data for other tenants                                                                  0.22s  
  ✓ tenant cannot update data from other tenants                                                                 0.22s  
  ✓ tenant cannot delete data from other tenants                                                                 0.21s  
  ⨯ api endpoint segregation is enforced                                                                         0.27s  
  ⨯ middleware prevents tenant context manipulation                                                              0.22s  
  ⨯ database schema isolation prevents cross tenant queries                                                      0.25s  

   PASS  Tests\Feature\Authentication\PlatformAuthenticationFlowTest
  ✓ complete platform authentication flow works                                                                  0.20s  
  ✓ platform manager has limited permissions                                                                     0.16s  
  ✓ rate limiting prevents brute force attacks                                                                   0.19s  
  ✓ inactive account cannot login                                                                                0.14s  
  ✓ suspended account cannot login                                                                               0.14s  
  ✓ last login timestamp is updated                                                                              0.14s  
  ✓ token refresh works                                                                                          0.16s  
  ✓ invalid email format is rejected                                                                             0.13s  
  ✓ empty credentials are rejected                                                                               0.24s  
  ✓ case insensitive email login works                                                                           0.29s  
  ✓ concurrent logins are allowed                                                                                0.18s  

   FAIL  Tests\Feature\Authentication\PlatformTenantContextSeparationTest
  ✓ platform authentication returns platform context                                                             0.17s  
  ✓ tenant authentication returns tenant context                                                                 0.32s  
  ✓ platform token cannot access tenant endpoints                                                                0.18s  
  ⨯ tenant token cannot access platform endpoints                                                                0.18s  
  ⨯ platform me endpoint returns platform account info                                                           0.13s  
  ⨯ tenant me endpoint returns tenant user info                                                                  0.13s  
  ✓ authentication contexts are completely isolated                                                              0.18s  
  ⨯ cross authentication attempts are rejected                                                                   0.13s  
  ⨯ platform logout invalidates platform token only                                                              0.30s  
  ⨯ tenant logout invalidates tenant token only                                                                  0.19s  
  ⨯ token validation respects context boundaries                                                                 0.20s  

   FAIL  Tests\Feature\Authentication\RoutingAndMiddlewareTest
  ✓ platform routes are properly structured                                                                      0.14s  
  ✓ tenant routes are properly structured                                                                        0.13s  
  ⨯ platform routes require platform authentication                                                              0.17s  
  ⨯ tenant routes require tenant authentication                                                                  0.16s  
  ⨯ platform middleware validates account type                                                                   0.16s  
  ⨯ tenant middleware validates account type                                                                     0.20s  
  ✓ tenant middleware enforces tenant context                                                                    0.19s  
  ✓ cors headers are properly set                                                                                0.16s  
  ⨯ rate limiting is applied per context                                                                         0.20s  
  ⨯ route model binding respects tenant scope                                                                    0.19s  
  ✓ api versioning is consistent                                                                                 0.13s  
  ✓ options requests are handled for cors                                                                        0.16s  
  ✓ content type validation is enforced                                                                          0.14s  
  ✓ middleware execution order is correct                                                                        0.19s  
  ⨯ error responses maintain context separation                                                                  0.13s  

   PASS  Tests\Feature\Authentication\TenantAuthenticationFlowTest
  ✓ complete tenant authentication flow works                                                                    0.23s  
  ✓ manager has limited permissions                                                                              0.17s  
  ✓ sales user has minimal permissions                                                                           0.20s  
  ✓ cross tenant authentication is prevented                                                                     0.26s  
  ✓ inactive tenant prevents login                                                                               0.21s  
  ✓ expired subscription prevents login                                                                          0.18s  
  ✓ trial period allows login                                                                                    0.35s  
  ✓ expired trial prevents login                                                                                 0.23s  
  ✓ context based login works                                                                                    0.17s  
  ✓ rate limiting is per tenant                                                                                  0.22s  
  ✓ inactive user cannot login                                                                                   0.15s  
  ✓ suspended user cannot login                                                                                  0.15s  
  ✓ last login timestamp is updated                                                                              0.17s  
  ✓ user with multiple roles gets combined permissions                                                           0.18s  

   PASS  Tests\Feature\ExampleTest
  ✓ the application returns a successful response                                                                0.10s  

   PASS  Tests\Feature\Notifications\MultiChannelDeliveryTest
  ✓ email fallback when sms fails                                                                                0.14s  
  ✓ email fallback when whatsapp fails                                                                           0.14s  
  ✓ retry logic for failed deliveries                                                                            0.14s  
  ✓ rate limiting per channel whatsapp                                                                           0.14s  
  ✓ rate limiting per channel sms                                                                                0.15s  
  ✓ batch notification sending                                                                                   0.21s  
  ✓ multi channel delivery all channels enabled                                                                  0.14s  
  ✓ multi channel delivery whatsapp only                                                                         0.14s  
  ✓ multi channel delivery sms only                                                                              0.14s  
  ✓ multi channel delivery no sms channels                                                                       0.14s  
  ✓ channel priority order                                                                                       0.14s  
  ✓ notification delivery tracking                                                                               0.15s  
  ✓ different notification types multi channel                                                                   0.16s  
  ✓ whatsapp payload structure                                                                                   0.15s  
  ✓ sms payload structure                                                                                        0.14s  
  ✓ email payload structure                                                                                      0.14s  
  ✓ database notification structure                                                                              0.14s  
  ✓ fallback to email when phone invalid                                                                         0.15s  
  ✓ channel delivery with customer preferences                                                                   0.14s  
  ✓ retry on transient failure                                                                                   0.15s  
  ✓ batch delivery performance                                                                                   0.69s  
  ✓ notification queuing                                                                                         0.14s  
  ✓ multiple customers batch delivery                                                                            0.17s  
  ✓ channel disable preserves others                                                                             0.15s  
  ✓ rollout new notification channel                                                                             0.14s  
  ✓ gradual channel migration                                                                                    0.15s  

   FAIL  Tests\Feature\Order\CompleteOrderLifecycleTest
  ⨯ complete order workflow from creation to completion                                                          0.21s  
  ⨯ order can be cancelled at pending stage                                                                      0.17s  
  ⨯ order can be cancelled after approval                                                                        0.17s  
  ⨯ multiple products in single order                                                                            0.18s  
  ⨯ order lifecycle respects tenant isolation                                                                    0.19s  
  ⨯ concurrent orders for different customers                                                                    0.19s  

   FAIL  Tests\Feature\Order\ErrorHandlingAndRecoveryTest
  ⨯ invalid order id throws exception                                                                            0.17s  
  ⨯ payment exceeding order total throws exception                                                               0.16s  
  ⨯ negative payment amount throws exception                                                                     0.16s  
  ⨯ invalid percentage in downpayment throws exception                                                           0.16s  
  ✓ invalid quote price throws exception                                                                         0.15s  
  ✓ missing lead time throws exception                                                                           0.15s  
  ✓ invalid negotiation deadline throws exception                                                                0.15s  
  ✓ invalid concluded price throws exception                                                                     0.15s  
  ✓ invalid concluded lead time throws exception                                                                 0.16s  
  ✓ empty quote comparison throws exception                                                                      0.15s  
  ⨯ cross tenant order access throws exception                                                                   0.15s  
  ✓ cross vendor assignment throws exception                                                                     0.15s  
  ⨯ order recovery after partial failure                                                                         0.16s  
  ⨯ order cancellation on error condition                                                                        0.18s  
  ⨯ multiple payment attempts with error recovery                                                                0.17s  
  ⨯ negotiation recovery from validation errors                                                                  0.19s  

   FAIL  Tests\Feature\Order\MultiVendorNegotiationTest
  ⨯ negotiate with multiple vendors sequentially                                                                 0.22s  
  ✓ compare quotes from multiple vendors                                                                         0.19s  
  ✓ vendor with lowest price selected                                                                            0.17s  
  ✓ vendor with best lead time selected                                                                          0.15s  
  ⨯ price negotiation round escalation                                                                           0.18s  
  ✓ negotiation deadline and urgency                                                                             0.16s  
  ⨯ negotiation escalation workflow                                                                              0.17s  
  ✓ multi tenant vendor negotiation isolation                                                                    0.16s  

   PASS  Tests\Feature\Order\PaymentProcessingTest
  ✓ full payment processing workflow                                                                             0.21s  
  ✓ downpayment and final payment                                                                                0.24s  
  ✓ partial payment tracking                                                                                     0.19s  
  ✓ payment amount validation                                                                                    0.18s  
  ✓ negative payment amount rejected                                                                             0.20s  
  ✓ invoice generation for payment tracking                                                                      0.18s  
  ✓ payment method recording                                                                                     0.18s  
  ✓ multiple payment transactions same order                                                                     0.18s  
  ✓ payment processing multi tenant isolation                                                                    0.20s  

   FAIL  Tests\Feature\RefundGatewayIntegrationTest
  ✓ it can process successful refund through gateway                                                             0.28s  
  ⨯ it handles failed refund processing                                                                          0.35s  
  ⨯ it handles exceptions during processing                                                                      0.22s  
  ✓ it can retry failed refunds                                                                                  0.23s  
  ✓ it prevents retry of non retryable errors                                                                    0.18s  
  ✓ it can process manual refunds                                                                                0.21s  
  ✓ it can check refund status from gateway                                                                      0.19s  
  ✓ it can process bulk refunds                                                                                  0.36s  
  ✓ it handles mixed results in bulk processing                                                                  0.31s  

   PASS  Tests\Feature\ShippingTest
  ✓ calculate shipping cost                                                                                      0.16s  
  ✓ create shipment                                                                                              0.17s  
  ✓ process shipment                                                                                             0.18s  
  ✓ cannot process non pending shipment                                                                          0.16s  
  ✓ update tracking                                                                                              0.18s  
  ✓ cancel shipment                                                                                              0.16s  
  ✓ cannot cancel delivered shipment                                                                             0.16s  
  ✓ shipment has correct delivery status                                                                         0.18s  
  ✓ get latest tracking event                                                                                    0.17s  
  ✓ shipping method scopes                                                                                       0.17s  
  ✓ shipment scopes                                                                                              0.30s  

   PASS  Tests\Feature\TenantIsolationTest
  ✓ tenant a cannot access tenant b customers                                                                    0.16s  
  ✓ tenant b cannot access tenant a products                                                                     0.15s  
  ✓ orders are properly scoped to tenant                                                                         0.15s  
  ✓ cross tenant relationships are prevented                                                                     0.13s  
  ✓ tenant data counts are isolated                                                                              0.13s  
  ✓ tenant switching works correctly                                                                             0.13s  
  ✓ tenant models automatically get tenant id                                                                    0.12s  

   PASS  Tests\Feature\Tenant\Api\AnalyticsSegmentationExportTest
  ✓ customer segmentation endpoint returns distribution                                                          0.27s  
  ✓ vendor analytics endpoint returns summary                                                                    0.42s  
  ✓ analytics export endpoints return data                                                                       0.36s  
  ✓ inventory reconciliation flow and export                                                                     0.35s  

   PASS  Tests\Feature\Tenant\Api\CustomerVendorSearchExportTest
  ✓ customer search returns segmentation data                                                                    0.23s  
  ✓ customer export streams csv                                                                                  0.21s  
  ✓ vendor search includes performance metrics                                                                   0.25s  
  ✓ vendor export respects min score filter                                                                      0.22s  
  ✓ product taxonomy helpers return data                                                                         0.23s  

   PASS  Tests\Feature\Tenant\Api\InventoryControllerTest
  ✓ can create location and set stock                                                                            0.26s  
  ✓ transfer stock between locations updates balances                                                            0.30s  
  ✓ reserve and release stock updates balances                                                                   0.30s  
  ✓ run reconciliation async dispatches job                                                                      0.17s  
  ✓ reconciliation job balances item and logs variance                                                           0.30s  
  ✓ reconciliation job accounts for global reservations                                                          0.30s  

   PASS  Tests\Feature\Tenant\Api\MultiTenantIsolationTest
  ✓ tenant a cannot see tenant b orders                                                                          0.20s  
  ✓ tenant a cannot access tenant b order detail                                                                 0.18s  
  ✓ tenant a cannot see tenant b customers                                                                       0.17s  
  ✓ tenant a cannot access tenant b customer detail                                                              0.18s  
  ✓ tenant a cannot see tenant b products                                                                        0.20s  
  ✓ tenant a cannot see tenant b vendors                                                                         0.17s  
  ✓ tenant a cannot update tenant b order                                                                        0.17s  
  ✓ tenant a cannot delete tenant b customer                                                                     0.16s  
  ✓ orders include only tenant specific customers                                                                0.17s  
  ✓ analytics only show tenant data                                                                              0.31s  
  ✓ dashboard stats isolated by tenant                                                                           0.30s  
  ✓ switching tenant context works correctly                                                                     0.22s  
  ✓ database queries automatically scope by tenant                                                               0.16s  

   PASS  Tests\Feature\Tenant\Api\OrderApiTest
  ✓ can list orders                                                                                              0.27s  
  ✓ order list excludes other tenant data                                                                        0.19s  
  ✓ can filter orders by status                                                                                  0.20s  
  ✓ can create order                                                                                             0.21s  
  ✓ can show order detail                                                                                        0.17s  
  ✓ can update order                                                                                             0.17s  
  ✓ can update order status                                                                                      0.20s  
  ✓ cannot update to invalid status                                                                              0.17s  
  ✓ can ship order with tracking number                                                                          0.19s  
  ✓ can cancel order with reason                                                                                 0.18s  
  ✓ can get available transitions                                                                                0.17s  
  ✓ cannot update other tenant order                                                                             0.18s  
  ✓ cannot delete other tenant order                                                                             0.16s  
  ✓ cannot access other tenant orders                                                                            0.17s  
  ✓ order search works correctly                                                                                 0.18s  
  ✓ order date range filter works                                                                                0.19s  
  ✓ status endpoint is tenant scoped                                                                             0.19s  
  ✓ customer endpoint is tenant scoped                                                                           0.24s  
  ✓ quotations endpoint is tenant scoped                                                                         0.27s  

   WARN  Tests\Feature\Tenant\Api\PaymentRefundTest
  - initiate refund → Payment refund feature is not yet implemented. Routes and endpoints for refund processing need to be created.
  - refund status tracking → Payment refund feature is not yet implemented. Routes and endpoints for refund processing need to be created.
  - vendor reversal disbursement → Payment refund feature is not yet implemented. Routes and endpoints for refund processing need to be created.
  - payment reconciliation after refund → Payment refund feature is not yet implemented. Routes and endpoints for refund processing need to be created.
  - refund with multiple partial amounts → Payment refund feature is not yet implemented. Routes and endpoints for refund processing need to be created.
  - cannot refund more than paid → Payment refund feature is not yet implemented. Routes and endpoints for refund processing need to be created.
  - refund with zero amount rejected → Payment refund feature is not yet implemented. Routes and endpoints for refund processing need to be created.
  - refund status pending on creation → Payment refund feature is not yet implemented. Routes and endpoints for refund processing need to be created.
  - refund status completed after processing → Payment refund feature is not yet implemented. Routes and endpoints for refund processing need to be created.
  - refund reason stored → Payment refund feature is not yet implemented. Routes and endpoints for refund processing need to be created.
  - refund timestamp recorded → Payment refund feature is not yet implemented. Routes and endpoints for refund processing need to be created.
  - list refunds for order → Payment refund feature is not yet implemented. Routes and endpoints for refund processing need to be created.
  - refund payment method preserved → Payment refund feature is not yet implemented. Routes and endpoints for refund processing need to be created.
  - refund audit trail → Payment refund feature is not yet implemented. Routes and endpoints for refund processing need to be created.
  - refund cannot be initiated on unpaid order → Payment refund feature is not yet implemented. Routes and endpoints for refund processing need to be created.
  - refund updates order payment status → Payment refund feature is not yet implemented. Routes and endpoints for refund processing need to be created.
  - refund creates transaction record → Payment refund feature is not yet implemented. Routes and endpoints for refund processing need to be created.
  - refund isolation between tenants → Payment refund feature is not yet implemented. Routes and endpoints for refund processing need to be created.
  - refund approval workflow → Payment refund feature is not yet implemented. Routes and endpoints for refund processing need to be created.
  - refund rejection workflow → Payment refund feature is not yet implemented. Routes and endpoints for refund processing need to be created.

   PASS  Tests\Feature\Tenant\Api\VendorEvaluationApiTest
  ✓ can list vendor evaluations                                                                                  0.21s  
  ✓ evaluations list excludes null quality ratings                                                               0.20s  
  ✓ evaluations list supports pagination                                                                         0.30s  
  ✓ evaluations list supports sorting                                                                            0.21s  
  ✓ can create vendor evaluation                                                                                 0.20s  
  ✓ creating evaluation updates vendor rating                                                                    0.20s  
  ✓ create evaluation validates required fields                                                                  0.17s  
  ✓ create evaluation validates rating range                                                                     0.18s  
  ✓ create evaluation returns 404 for non existent vendor                                                        0.18s  
  ✓ create evaluation returns 404 for non existent vendor order                                                  0.18s  
  ✓ list evaluations returns 404 for non existent vendor                                                         0.17s  

   PASS  Tests\Feature\Tenant\Api\VendorOrderApiTest
  ✓ can list vendor orders                                                                                       0.22s  
  ✓ vendor orders list supports pagination                                                                       0.32s  
  ✓ vendor orders list supports status filter                                                                    0.21s  
  ✓ vendor orders list supports delivery status filter                                                           0.21s  
  ✓ vendor orders list supports date range filter                                                                0.21s  
  ✓ vendor orders list supports sorting                                                                          0.21s  
  ✓ vendor orders summary calculates correctly                                                                   0.22s  
  ✓ can get specific vendor order                                                                                0.19s  
  ✓ vendor order show calculates profit margin                                                                   0.19s  
  ✓ vendor order show returns null profit margin when prices missing                                             0.19s  
  ✓ vendor order show returns 404 for non existent order                                                         0.17s  
  ✓ vendor orders list returns 404 for non existent vendor                                                       0.18s  
  ✓ vendor order show returns 404 for non existent vendor                                                        0.17s  

   PASS  Tests\Feature\Tenant\Api\VendorPerformanceApiTest
  ✓ can get delivery metrics                                                                                     0.21s  
  ✓ delivery metrics filters by period                                                                           0.20s  
  ✓ delivery metrics filters by vendor                                                                           0.20s  
  ✓ delivery metrics handles no data                                                                             0.17s  
  ✓ can get quality metrics                                                                                      0.29s  
  ✓ quality metrics excludes null ratings                                                                        0.20s  
  ✓ quality metrics handles no data                                                                              0.16s  

   PASS  Tests\Feature\Tenant\Api\VendorSpecializationApiTest
  ✓ can list vendor specializations                                                                              0.19s  
  ✓ list specializations handles empty array                                                                     0.16s  
  ✓ list specializations transforms string array                                                                 0.16s  
  ✓ can add vendor specialization                                                                                0.16s  
  ✓ add specialization auto categorizes                                                                          0.16s  
  ✓ add specialization prevents duplicates                                                                       0.17s  
  ✓ add specialization validates required fields                                                                 0.16s  
  ✓ can update vendor specialization                                                                             0.16s  
  ✓ update specialization returns 404 for non existent id                                                        0.16s  
  ✓ can delete vendor specialization                                                                             0.18s  
  ✓ delete specialization returns 404 for non existent id                                                        0.23s  
  ✓ specialization operations return 404 for non existent vendor                                                 0.23s  
  ✓ specialization id increments correctly                                                                       0.19s  
  ────────────────────────────────────────────────────────────────────────────────────────────────────────────────────  
   FAILED  Tests\Feature\Authentication\DataIsolationInfrastructureTest > api endpoint segregation is enforced          
  Expected response status code [401] but received 403.
Failed asserting that 403 is identical to 401.

  at tests\Feature\Authentication\DataIsolationInfrastructureTest.php:464
    460▕ 
    461▕         foreach ($platformEndpoints['GET'] as $endpoint) {
    462▕             $response = $this->withHeaders(['Authorization' => "Bearer $tenantToken"])
    463▕                              ->getJson($endpoint);
  ➜ 464▕             $response->assertStatus(401);
    465▕         }
    466▕     }
    467▕ 
    468▕     /** @test */

  ────────────────────────────────────────────────────────────────────────────────────────────────────────────────────  
   FAILED  Tests\Feature\Authentication\DataIsolationInfrastructureTest > middleware prevents tenant context manipul…   
  Expected response status code [200] but received 403.
Failed asserting that 403 is identical to 200.

  at tests\Feature\Authentication\DataIsolationInfrastructureTest.php:479
    475▕             'Authorization' => "Bearer $token",
    476▕             'X-Tenant-ID' => $this->tenant2->id, // Try to switch tenant context
    477▕         ])->getJson('/api/v1/tenant/customers');
    478▕ 
  ➜ 479▕         $response->assertStatus(200);
    480▕         
    481▕         $customers = $response->json('data');
    482▕         // Should still only see tenant 1 customers
    483▕         $this->assertCount(1, $customers);

  ────────────────────────────────────────────────────────────────────────────────────────────────────────────────────  
   FAILED  Tests\Feature\Authentication\DataIsolationInfrastructureTest > database schema isolation prevents cross t…   
  Failed asserting that two strings are equal.
--- Expected
+++ Actual
@@ @@
-'Customer Two'
+'Customer One'

  at tests\Feature\Authentication\DataIsolationInfrastructureTest.php:512
    508▕         $this->assertCount(1, $customers1);
    509▕         $this->assertCount(1, $customers2);
    510▕ 
    511▕         $this->assertEquals('Customer One', $customers1[0]['name']);
  ➜ 512▕         $this->assertEquals('Customer Two', $customers2[0]['name']);
    513▕ 
    514▕         // Tenant IDs should be different
    515▕         $this->assertNotEquals($customers1[0]['tenant_id'], $customers2[0]['tenant_id']);
    516▕     }

  1   tests\Feature\Authentication\DataIsolationInfrastructureTest.php:512

  ────────────────────────────────────────────────────────────────────────────────────────────────────────────────────  
   FAILED  Tests\Feature\Authentication\PlatformTenantContextSeparationTest > tenant token cannot access platform en…   
  Expected response status code [401] but received 403.
Failed asserting that 403 is identical to 401.

  at tests\Feature\Authentication\PlatformTenantContextSeparationTest.php:164
    160▕             'Authorization' => "Bearer $tenantToken",
    161▕             'Content-Type' => 'application/json',
    162▕         ])->getJson('/api/v1/platform/tenants');
    163▕ 
  ➜ 164▕         $response->assertStatus(401); // or 403, depending on implementation
    165▕     }
    166▕ 
    167▕     /** @test */
    168▕     public function platform_me_endpoint_returns_platform_account_info()

  ────────────────────────────────────────────────────────────────────────────────────────────────────────────────────  
   FAILED  Tests\Feature\Authentication\PlatformTenantContextSeparationTest > platform me endpoint returns platform…    
  Expected response status code [200] but received 401.
Failed asserting that 401 is identical to 200.

  at tests\Feature\Authentication\PlatformTenantContextSeparationTest.php:174
    170▕         Sanctum::actingAs($this->platformAccount, [], 'platform');
    171▕ 
    172▕         $response = $this->getJson('/api/v1/platform/me');
    173▕ 
  ➜ 174▕         $response->assertStatus(200)
    175▕                 ->assertJsonStructure([
    176▕                     'account' => [
    177▕                         'id',
    178▕                         'uuid',

  ────────────────────────────────────────────────────────────────────────────────────────────────────────────────────  
   FAILED  Tests\Feature\Authentication\PlatformTenantContextSeparationTest > tenant me endpoint returns tenant user…   
  Expected response status code [200] but received 401.
Failed asserting that 401 is identical to 200.

  at tests\Feature\Authentication\PlatformTenantContextSeparationTest.php:199
    195▕         Sanctum::actingAs($this->tenantUser, [], 'tenant');
    196▕ 
    197▕         $response = $this->getJson('/api/v1/tenant/me');
    198▕ 
  ➜ 199▕         $response->assertStatus(200)
    200▕                 ->assertJsonStructure([
    201▕                     'user' => [
    202▕                         'id',
    203▕                         'tenant_id',

  ────────────────────────────────────────────────────────────────────────────────────────────────────────────────────  
   FAILED  Tests\Feature\Authentication\PlatformTenantContextSeparationTest > cross authentication attempts are reje…   
  Expected response status code [401] but received 422.
Failed asserting that 422 is identical to 401.

  at tests\Feature\Authentication\PlatformTenantContextSeparationTest.php:273
    269▕             'email' => 'tenant@example.com',
    270▕             'password' => 'password123',
    271▕         ]);
    272▕ 
  ➜ 273▕         $response->assertStatus(401);
    274▕ 
    275▕         // Try tenant login with platform credentials
    276▕         $response = $this->postJson('/api/v1/tenant/login', [
    277▕             'email' => 'platform@example.com',

  ────────────────────────────────────────────────────────────────────────────────────────────────────────────────────  
   FAILED  Tests\Feature\Authentication\PlatformTenantContextSeparationTest > platform logout invalidates platform t…   
  Expected response status code [401] but received 200.
Failed asserting that 200 is identical to 401.

  at tests\Feature\Authentication\PlatformTenantContextSeparationTest.php:311
    307▕ 
    308▕         // Platform token should be invalid
    309▕         $this->withHeaders(['Authorization' => "Bearer $platformToken"])
    310▕              ->getJson('/api/v1/platform/me')
  ➜ 311▕              ->assertStatus(401);
    312▕ 
    313▕         // Tenant token should still be valid
    314▕         $this->withHeaders(['Authorization' => "Bearer $tenantToken"])
    315▕              ->getJson('/api/v1/tenant/me')

  ────────────────────────────────────────────────────────────────────────────────────────────────────────────────────  
   FAILED  Tests\Feature\Authentication\PlatformTenantContextSeparationTest > tenant logout invalidates tenant token…   
  Expected response status code [401] but received 200.
Failed asserting that 200 is identical to 401.

  at tests\Feature\Authentication\PlatformTenantContextSeparationTest.php:345
    341▕ 
    342▕         // Tenant token should be invalid
    343▕         $this->withHeaders(['Authorization' => "Bearer $tenantToken"])
    344▕              ->getJson('/api/v1/tenant/me')
  ➜ 345▕              ->assertStatus(401);
    346▕ 
    347▕         // Platform token should still be valid
    348▕         $this->withHeaders(['Authorization' => "Bearer $platformToken"])
    349▕              ->getJson('/api/v1/platform/me')

  ────────────────────────────────────────────────────────────────────────────────────────────────────────────────────  
   FAILED  Tests\Feature\Authentication\PlatformTenantContextSeparationTest > token validation respects context boun…   
  Expected response status code [200] but received 500.
Failed asserting that 500 is identical to 200.

  at tests\Feature\Authentication\PlatformTenantContextSeparationTest.php:380
    376▕ 
    377▕         // Tenant token validation in tenant context
    378▕         $this->withHeaders(['Authorization' => "Bearer $tenantToken"])
    379▕              ->getJson('/api/v1/tenant/validate-token')
  ➜ 380▕              ->assertStatus(200)
    381▕              ->assertJsonFragment(['valid' => true]);
    382▕ 
    383▕         // Platform token in tenant context should fail
    384▕         $this->withHeaders(['Authorization' => "Bearer $platformToken"])

  ────────────────────────────────────────────────────────────────────────────────────────────────────────────────────  
   FAILED  Tests\Feature\Authentication\RoutingAndMiddlewareTest > platform routes require platform authentication      
  Expected response status code [401] but received 500.
Failed asserting that 500 is identical to 401.

  at tests\Feature\Authentication\RoutingAndMiddlewareTest.php:153
    149▕             // Test with tenant token (wrong type)
    150▕             $tenantToken = $this->getTenantToken();
    151▕             $response = $this->withHeaders(['Authorization' => "Bearer $tenantToken"])
    152▕                              ->getJson($route);
  ➜ 153▕             $response->assertStatus(401);
    154▕         }
    155▕     }
    156▕ 
    157▕     /** @test */

  ────────────────────────────────────────────────────────────────────────────────────────────────────────────────────  
   FAILED  Tests\Feature\Authentication\RoutingAndMiddlewareTest > tenant routes require tenant authentication          
  Expected response status code [401] but received 500.
Failed asserting that 500 is identical to 401.

  at tests\Feature\Authentication\RoutingAndMiddlewareTest.php:176
    172▕             // Test with platform token (wrong type)
    173▕             $platformToken = $this->getPlatformToken();
    174▕             $response = $this->withHeaders(['Authorization' => "Bearer $platformToken"])
    175▕                              ->getJson($route);
  ➜ 176▕             $response->assertStatus(401);
    177▕         }
    178▕     }
    179▕ 
    180▕     /** @test */

  ────────────────────────────────────────────────────────────────────────────────────────────────────────────────────  
   FAILED  Tests\Feature\Authentication\RoutingAndMiddlewareTest > platform middleware validates account type           
  Expected response status code [401] but received 500.
Failed asserting that 500 is identical to 401.

  at tests\Feature\Authentication\RoutingAndMiddlewareTest.php:193
    189▕ 
    190▕         // Platform token should NOT work on tenant routes
    191▕         $response = $this->withHeaders(['Authorization' => "Bearer $platformToken"])
    192▕                          ->getJson('/api/v1/tenant/me');
  ➜ 193▕         $response->assertStatus(401);
    194▕     }
    195▕ 
    196▕     /** @test */
    197▕     public function tenant_middleware_validates_account_type()

  ────────────────────────────────────────────────────────────────────────────────────────────────────────────────────  
   FAILED  Tests\Feature\Authentication\RoutingAndMiddlewareTest > tenant middleware validates account type             
  Expected response status code [401] but received 500.
Failed asserting that 500 is identical to 401.

  at tests\Feature\Authentication\RoutingAndMiddlewareTest.php:209
    205▕ 
    206▕         // Tenant token should NOT work on platform routes
    207▕         $response = $this->withHeaders(['Authorization' => "Bearer $tenantToken"])
    208▕                          ->getJson('/api/v1/platform/me');
  ➜ 209▕         $response->assertStatus(401);
    210▕     }
    211▕ 
    212▕     /** @test */
    213▕     public function tenant_middleware_enforces_tenant_context()

  ────────────────────────────────────────────────────────────────────────────────────────────────────────────────────  
   FAILED  Tests\Feature\Authentication\RoutingAndMiddlewareTest > rate limiting is applied per context                 
  Expected response status code [200] but received 500.
Failed asserting that 500 is identical to 200.

  at tests\Feature\Authentication\RoutingAndMiddlewareTest.php:268
    264▕         // Multiple tenant requests should work independently
    265▕         for ($i = 0; $i < 5; $i++) {
    266▕             $response = $this->withHeaders(['Authorization' => "Bearer $tenantToken"])
    267▕                              ->getJson('/api/v1/tenant/me');
  ➜ 268▕             $response->assertStatus(200);
    269▕         }
    270▕     }
    271▕ 
    272▕     /** @test */

  ────────────────────────────────────────────────────────────────────────────────────────────────────────────────────  
   FAILED  Tests\Feature\Authentication\RoutingAndMiddlewareTest > route model binding respects tenant scope            
  Expected response status code [201] but received 422.
Failed asserting that 422 is identical to 201.

  at tests\Feature\Authentication\RoutingAndMiddlewareTest.php:286
    282▕                              'phone' => '081234567890',
    283▕                              'type' => 'individual',
    284▕                          ]);
    285▕ 
  ➜ 286▕         $response->assertStatus(201);
    287▕         $customerId = $response->json('data.id');
    288▕ 
    289▕         // Access customer by ID (should work)
    290▕         $response = $this->withHeaders(['Authorization' => "Bearer $tenantToken"])

  ────────────────────────────────────────────────────────────────────────────────────────────────────────────────────  
   FAILED  Tests\Feature\Authentication\RoutingAndMiddlewareTest > error responses maintain context separation          
  Expected response status code [401] but received 422.
Failed asserting that 422 is identical to 401.

  at tests\Feature\Authentication\RoutingAndMiddlewareTest.php:377
    373▕             'email' => 'invalid@example.com',
    374▕             'password' => 'wrongpassword'
    375▕         ]);
    376▕ 
  ➜ 377▕         $response->assertStatus(401);
    378▕         $this->assertStringNotContainsStringIgnoringCase('tenant', $response->getContent());
    379▕ 
    380▕         // Tenant error responses
    381▕         $response = $this->postJson('/api/v1/tenant/login', [

  ────────────────────────────────────────────────────────────────────────────────────────────────────────────────────  
   FAILED  Tests\Feature\Order\CompleteOrderLifecycleTest > complete order workflow from creation to completi…  Error   
  Cannot access private property App\Domain\Order\Entities\Order::$status

  at tests\Feature\Order\CompleteOrderLifecycleTest.php:92
     88▕             ]
     89▕         );
     90▕ 
     91▕         $order = $this->createPurchaseOrderUseCase->execute($createCommand);
  ➜  92▕         $this->assertEquals('pending', $order->status);
     93▕ 
     94▕         $assignCommand = new AssignVendorCommand(
     95▕             orderId: $order->getId(),
     96▕             vendorId: $this->vendor->uuid,

  1   tests\Feature\Order\CompleteOrderLifecycleTest.php:92

  ────────────────────────────────────────────────────────────────────────────────────────────────────────────────────  
   FAILED  Tests\Feature\Order\CompleteOrderLifecycleTest > order can be cancelled at pending stage             Error   
  Unknown named parameter $reason

  at tests\Feature\Order\CompleteOrderLifecycleTest.php:188
    184▕ 
    185▕         $cancelCommand = new CancelOrderCommand(
    186▕             orderId: $order->getId(),
    187▕             tenantId: $this->tenant->uuid,
  ➜ 188▕             reason: 'Customer requested cancellation'
    189▕         );
    190▕ 
    191▕         $cancelledOrder = $this->cancelOrderUseCase->execute($cancelCommand);
    192▕         $this->assertEquals('cancelled', $cancelledOrder->status);

  1   tests\Feature\Order\CompleteOrderLifecycleTest.php:188

  ────────────────────────────────────────────────────────────────────────────────────────────────────────────────────  
   FAILED  Tests\Feature\Order\CompleteOrderLifecycleTest > order can be cancelled after a…  InvalidArgumentException   
  Order status 'pending' does not allow vendor assignment

  at app\Application\Order\UseCases\AssignVendorUseCase.php:38
     34▕             throw new InvalidArgumentException('Order belongs to different tenant');
     35▕         }
     36▕ 
     37▕         if (!$order->getStatus()->requiresVendor()) {
  ➜  38▕             throw new InvalidArgumentException(
     39▕                 "Order status '{$order->getStatus()->value}' does not allow vendor assignment"
     40▕             );
     41▕         }
     42▕

  1   app\Application\Order\UseCases\AssignVendorUseCase.php:38
  2   tests\Feature\Order\CompleteOrderLifecycleTest.php:220

  ────────────────────────────────────────────────────────────────────────────────────────────────────────────────────  
   FAILED  Tests\Feature\Order\CompleteOrderLifecycleTest > multiple products in single order          ErrorException   
  Undefined property: App\Domain\Order\Entities\Order::$total_amount

  at tests\Feature\Order\CompleteOrderLifecycleTest.php:275
    271▕             ]
    272▕         );
    273▕ 
    274▕         $order = $this->createPurchaseOrderUseCase->execute($createCommand);
  ➜ 275▕         $this->assertEquals(300000.00, $order->total_amount);
    276▕     }
    277▕ 
    278▕     /** @test */
    279▕     public function order_lifecycle_respects_tenant_isolation(): void

  ────────────────────────────────────────────────────────────────────────────────────────────────────────────────────  
   FAILED  Tests\Feature\Order\CompleteOrderLifecycleTest > order lifecycle respects tenant isolatio…  ErrorException   
  Undefined property: App\Domain\Order\Entities\Order::$tenant_id

  at tests\Feature\Order\CompleteOrderLifecycleTest.php:318
    314▕         );
    315▕ 
    316▕         $order2 = $this->createPurchaseOrderUseCase->execute($command2);
    317▕ 
  ➜ 318▕         $this->assertEquals($this->tenant->id, $order1->tenant_id);
    319▕         $this->assertEquals($tenantB->id, $order2->tenant_id);
    320▕ 
    321▕         $tenantAOrders = Order::where('tenant_id', $this->tenant->id)->get();
    322▕         $tenantBOrders = Order::where('tenant_id', $tenantB->id)->get();

  ────────────────────────────────────────────────────────────────────────────────────────────────────────────────────  
   FAILED  Tests\Feature\Order\CompleteOrderLifecycleTest > concurrent orders for different customer…  ErrorException   
  Undefined property: App\Domain\Order\Entities\Order::$customer_id

  at tests\Feature\Order\CompleteOrderLifecycleTest.php:365
    361▕         $order1 = $this->createPurchaseOrderUseCase->execute($command1);
    362▕         $order2 = $this->createPurchaseOrderUseCase->execute($command2);
    363▕ 
    364▕         $this->assertNotEquals($order1->getId(), $order2->getId());
  ➜ 365▕         $this->assertEquals($this->customer->id, $order1->customer_id);
    366▕         $this->assertEquals($customer2->id, $order2->customer_id);
    367▕ 
    368▕         $allOrders = Order::where('tenant_id', $this->tenant->id)->get();
    369▕         $this->assertCount(2, $allOrders);

  ────────────────────────────────────────────────────────────────────────────────────────────────────────────────────  
   FAILED  Tests\Feature\Order\ErrorHandlingAndRecoveryTest > invalid order id throws exception                         
  Failed asserting that exception message 'Invalid UUID format: nonexistent-order-id' contains 'Order not found'.

  ────────────────────────────────────────────────────────────────────────────────────────────────────────────────────  
   FAILED  Tests\Feature\Order\ErrorHandlingAndRecoveryTest > payment exceeding order total throws exception            
  Failed asserting that exception message 'Invalid UUID format: 891' contains 'Payment amount exceeds order total'.

  ────────────────────────────────────────────────────────────────────────────────────────────────────────────────────  
   FAILED  Tests\Feature\Order\ErrorHandlingAndRecoveryTest > negative payment amount throws exception                  
  Failed asserting that exception message 'Invalid UUID format: 892' contains 'Payment amount must be non-negative'.

  ────────────────────────────────────────────────────────────────────────────────────────────────────────────────────  
   FAILED  Tests\Feature\Order\ErrorHandlingAndRecoveryTest > invalid percentage in downpayment throws exception        
  Failed asserting that exception message 'Invalid UUID format: 893' contains 'Percentage must be between 0 and 100'.

  ────────────────────────────────────────────────────────────────────────────────────────────────────────────────────  
   FAILED  Tests\Feature\Order\ErrorHandlingAndRecoveryTest > cross tenant order access th…  InvalidArgumentException   
  Invalid UUID format: 900

  at app\Domain\Shared\ValueObjects\UuidValueObject.php:34
     30▕ 
     31▕     private function validate(string $value): void
     32▕     {
     33▕         if (!RamseyUuid::isValid($value)) {
  ➜  34▕             throw new InvalidArgumentException("Invalid UUID format: {$value}");
     35▕         }
     36▕     }
     37▕ 
     38▕     public function getValue(): string

  1   app\Domain\Shared\ValueObjects\UuidValueObject.php:34
  2   app\Domain\Shared\ValueObjects\UuidValueObject.php:17

  ────────────────────────────────────────────────────────────────────────────────────────────────────────────────────  
   FAILED  Tests\Feature\Order\ErrorHandlingAndRecoveryTest > order recovery after partial…  InvalidArgumentException   
  Invalid UUID format: 904

  at app\Domain\Shared\ValueObjects\UuidValueObject.php:34
     30▕ 
     31▕     private function validate(string $value): void
     32▕     {
     33▕         if (!RamseyUuid::isValid($value)) {
  ➜  34▕             throw new InvalidArgumentException("Invalid UUID format: {$value}");
     35▕         }
     36▕     }
     37▕ 
     38▕     public function getValue(): string

  1   app\Domain\Shared\ValueObjects\UuidValueObject.php:34
  2   app\Domain\Shared\ValueObjects\UuidValueObject.php:17

  ────────────────────────────────────────────────────────────────────────────────────────────────────────────────────  
   FAILED  Tests\Feature\Order\ErrorHandlingAndRecoveryTest > order cancellation on error…   InvalidArgumentException   
  Invalid UUID format: 905

  at app\Domain\Shared\ValueObjects\UuidValueObject.php:34
     30▕ 
     31▕     private function validate(string $value): void
     32▕     {
     33▕         if (!RamseyUuid::isValid($value)) {
  ➜  34▕             throw new InvalidArgumentException("Invalid UUID format: {$value}");
     35▕         }
     36▕     }
     37▕ 
     38▕     public function getValue(): string

  1   app\Domain\Shared\ValueObjects\UuidValueObject.php:34
  2   app\Domain\Shared\ValueObjects\UuidValueObject.php:17

  ────────────────────────────────────────────────────────────────────────────────────────────────────────────────────  
   FAILED  Tests\Feature\Order\ErrorHandlingAndRecoveryTest > multiple payment attempts wi…  InvalidArgumentException   
  Invalid UUID format: 906

  at app\Domain\Shared\ValueObjects\UuidValueObject.php:34
     30▕ 
     31▕     private function validate(string $value): void
     32▕     {
     33▕         if (!RamseyUuid::isValid($value)) {
  ➜  34▕             throw new InvalidArgumentException("Invalid UUID format: {$value}");
     35▕         }
     36▕     }
     37▕ 
     38▕     public function getValue(): string

  1   app\Domain\Shared\ValueObjects\UuidValueObject.php:34
  2   app\Domain\Shared\ValueObjects\UuidValueObject.php:17

  ────────────────────────────────────────────────────────────────────────────────────────────────────────────────────  
   FAILED  Tests\Feature\Order\ErrorHandlingAndRecoveryTest > negotiation recovery from va…  InvalidArgumentException   
  Invalid UUID format: 907

  at app\Domain\Shared\ValueObjects\UuidValueObject.php:34
     30▕ 
     31▕     private function validate(string $value): void
     32▕     {
     33▕         if (!RamseyUuid::isValid($value)) {
  ➜  34▕             throw new InvalidArgumentException("Invalid UUID format: {$value}");
     35▕         }
     36▕     }
     37▕ 
     38▕     public function getValue(): string

  1   app\Domain\Shared\ValueObjects\UuidValueObject.php:34
  2   app\Domain\Shared\ValueObjects\UuidValueObject.php:17

  ────────────────────────────────────────────────────────────────────────────────────────────────────────────────────  
   FAILED  Tests\Feature\Order\MultiVendorNegotiationTest > negotiate with multiple vendor…  InvalidArgumentException   
  Order status 'pending' does not allow vendor assignment

  at app\Application\Order\UseCases\AssignVendorUseCase.php:38
     34▕             throw new InvalidArgumentException('Order belongs to different tenant');
     35▕         }
     36▕ 
     37▕         if (!$order->getStatus()->requiresVendor()) {
  ➜  38▕             throw new InvalidArgumentException(
     39▕                 "Order status '{$order->getStatus()->value}' does not allow vendor assignment"
     40▕             );
     41▕         }
     42▕

  1   app\Application\Order\UseCases\AssignVendorUseCase.php:38
  2   tests\Feature\Order\MultiVendorNegotiationTest.php:82

  ────────────────────────────────────────────────────────────────────────────────────────────────────────────────────  
   FAILED  Tests\Feature\Order\MultiVendorNegotiationTest > price negotiation round escala…  InvalidArgumentException   
  Order status 'pending' does not allow vendor assignment

  at app\Application\Order\UseCases\AssignVendorUseCase.php:38
     34▕             throw new InvalidArgumentException('Order belongs to different tenant');
     35▕         }
     36▕ 
     37▕         if (!$order->getStatus()->requiresVendor()) {
  ➜  38▕             throw new InvalidArgumentException(
     39▕                 "Order status '{$order->getStatus()->value}' does not allow vendor assignment"
     40▕             );
     41▕         }
     42▕

  1   app\Application\Order\UseCases\AssignVendorUseCase.php:38
  2   tests\Feature\Order\MultiVendorNegotiationTest.php:265

  ────────────────────────────────────────────────────────────────────────────────────────────────────────────────────  
   FAILED  Tests\Feature\Order\MultiVendorNegotiationTest > negotiation escalation workflo…  InvalidArgumentException   
  Invalid UUID format: test-order-id

  at app\Domain\Shared\ValueObjects\UuidValueObject.php:34
     30▕ 
     31▕     private function validate(string $value): void
     32▕     {
     33▕         if (!RamseyUuid::isValid($value)) {
  ➜  34▕             throw new InvalidArgumentException("Invalid UUID format: {$value}");
     35▕         }
     36▕     }
     37▕ 
     38▕     public function getValue(): string

  1   app\Domain\Shared\ValueObjects\UuidValueObject.php:34
  2   app\Domain\Shared\ValueObjects\UuidValueObject.php:17

  ────────────────────────────────────────────────────────────────────────────────────────────────────────────────────  
   FAILED  Tests\Feature\RefundGatewayIntegrationTest > it handles failed refund processing            QueryException   
  SQLSTATE[25P02]: In failed sql transaction: 7 ERROR:  transaksi saat ini dibatalkan, perintah diabaikan sampai akhir blok transaksi (Connection: pgsql, SQL: update "payment_refunds" set "gateway_response" = {"error":"SQLSTATE[25P02]: In failed sql transaction: 7 ERROR:  transaksi saat ini dibatalkan, perintah diabaikan sampai akhir blok transaksi (Connection: pgsql, SQL: select count(*) as aggregate from \"refund_processing_logs\" where \"refund_id\" = 2 and \"action\" = retry)","file":"D:\\worksites\\canvastack\\projects\\canvastencil\\backend\\vendor\\laravel\\framework\\src\\Illuminate\\Database\\Connection.php","line":829}, "gateway_error_code" = SYSTEM_ERROR, "failure_reason" = System error: SQLSTATE[25P02]: In failed sql transaction: 7 ERROR:  transaksi saat ini dibatalkan, perintah diabaikan sampai akhir blok transaksi (Connection: pgsql, SQL: select count(*) as aggregate from "refund_processing_logs" where "refund_id" = 2 and "action" = retry), "updated_at" = 2026-01-09 13:19:02 where "id" = 2)

  at vendor\laravel\framework\src\Illuminate\Database\Connection.php:829
    825▕                     $this->getName(), $query, $this->prepareBindings($bindings), $e
    826▕                 );
    827▕             }
    828▕ 
  ➜ 829▕             throw new QueryException(
    830▕                 $this->getName(), $query, $this->prepareBindings($bindings), $e
    831▕             );
    832▕         }
    833▕     }

  1   vendor\laravel\framework\src\Illuminate\Database\Connection.php:829

  2   vendor\laravel\framework\src\Illuminate\Database\Connection.php:612
      NunoMaduro\Collision\Exceptions\TestException::("SQLSTATE[25P02]: In failed sql transaction: 7 ERROR:  transaksi saat ini dibatalkan, perintah diabaikan sampai akhir blok transaksi")

  ────────────────────────────────────────────────────────────────────────────────────────────────────────────────────  
   FAILED  Tests\Feature\RefundGatewayIntegrationTest > it handles exceptions during processing        QueryException   
  SQLSTATE[25P02]: In failed sql transaction: 7 ERROR:  transaksi saat ini dibatalkan, perintah diabaikan sampai akhir blok transaksi (Connection: pgsql, SQL: select * from "payment_refunds" where "id" = 3 limit 1)

  at vendor\laravel\framework\src\Illuminate\Database\Connection.php:829
    825▕                     $this->getName(), $query, $this->prepareBindings($bindings), $e
    826▕                 );
    827▕             }
    828▕ 
  ➜ 829▕             throw new QueryException(
    830▕                 $this->getName(), $query, $this->prepareBindings($bindings), $e
    831▕             );
    832▕         }
    833▕     }

  1   vendor\laravel\framework\src\Illuminate\Database\Connection.php:829

  2   vendor\laravel\framework\src\Illuminate\Database\Connection.php:428
      NunoMaduro\Collision\Exceptions\TestException::("SQLSTATE[25P02]: In failed sql transaction: 7 ERROR:  transaksi saat ini dibatalkan, perintah diabaikan sampai akhir blok transaksi")


  Tests:    37 failed, 20 skipped, 994 passed (3781 assertions)
  Duration: 164.55s

